{"name": "test_upload_button", "status": "broken", "statusDetails": {"message": "selenium.common.exceptions.TimeoutException: Message: \nStacktrace:\n\tGetHandleVerifier [0x00007FF6180AEEA2+31554]\n\t(No symbol) [0x00007FF618027ED9]\n\t(No symbol) [0x00007FF617EE872A]\n\t(No symbol) [0x00007FF617F38434]\n\t(No symbol) [0x00007FF617F3853C]\n\t(No symbol) [0x00007FF617F7F6A7]\n\t(No symbol) [0x00007FF617F5D06F]\n\t(No symbol) [0x00007FF617F7C977]\n\t(No symbol) [0x00007FF617F5CDD3]\n\t(No symbol) [0x00007FF617F2A33B]\n\t(No symbol) [0x00007FF617F2AED1]\n\tGetHandleVerifier [0x00007FF6183B8B1D+3217341]\n\tGetHandleVerifier [0x00007FF618405AE3+3532675]\n\tGetHandleVerifier [0x00007FF6183FB0E0+3489152]\n\tGetHandleVerifier [0x00007FF61815E776+750614]\n\t(No symbol) [0x00007FF61803375F]\n\t(No symbol) [0x00007FF61802EB14]\n\t(No symbol) [0x00007FF61802ECA2]\n\t(No symbol) [0x00007FF61801E16F]\n\tBaseThreadInitThunk [0x00007FF8171D257D+29]\n\tRtlUserThreadStart [0x00007FF8185EAF28+40]", "trace": "self = <tests.test_report.TestReport object at 0x00000232C35A56D0>\nlogin = <selenium.webdriver.chrome.webdriver.WebDriver (session=\"26d908f49a0301bd069a5c652fb8fe13\")>\n\n    @pytest.mark.usefixtures(\"login\")\n    def test_upload_button(self,login):\n        driver = login\n        report = Report(driver)\n        time.sleep(5)\n>       report.get_report_tab().click()\n\ntest_report.py:27: \n_ _ _ _ _ _ _ _ _ _ _ _ _ _ _ _ _ _ _ _ _ _ _ _ _ _ _ _ _ _ _ _ _ _ _ _ _ _ _ _\n..\\src\\pageObjects\\reports.py:17: in get_report_tab\n    return WebDriverWait(self.driver, 15).until(\n_ _ _ _ _ _ _ _ _ _ _ _ _ _ _ _ _ _ _ _ _ _ _ _ _ _ _ _ _ _ _ _ _ _ _ _ _ _ _ _\n\nself = <selenium.webdriver.support.wait.WebDriverWait (session=\"26d908f49a0301bd069a5c652fb8fe13\")>\nmethod = <function visibility_of_element_located.<locals>._predicate at 0x00000232BFB7A160>\nmessage = ''\n\n    def until(self, method: Callable[[D], Union[Literal[False], T]], message: str = \"\") -> T:\n        \"\"\"Calls the method provided with the driver as an argument until the \\\n        return value does not evaluate to ``False``.\n    \n        :param method: callable(WebDriver)\n        :param message: optional message for :exc:`TimeoutException`\n        :returns: the result of the last call to `method`\n        :raises: :exc:`selenium.common.exceptions.TimeoutException` if timeout occurs\n        \"\"\"\n        screen = None\n        stacktrace = None\n    \n        end_time = time.monotonic() + self._timeout\n        while True:\n            try:\n                value = method(self._driver)\n                if value:\n                    return value\n            except self._ignored_exceptions as exc:\n                screen = getattr(exc, \"screen\", None)\n                stacktrace = getattr(exc, \"stacktrace\", None)\n            time.sleep(self._poll)\n            if time.monotonic() > end_time:\n                break\n>       raise TimeoutException(message, screen, stacktrace)\nE       selenium.common.exceptions.TimeoutException: Message: \nE       Stacktrace:\nE       \tGetHandleVerifier [0x00007FF6180AEEA2+31554]\nE       \t(No symbol) [0x00007FF618027ED9]\nE       \t(No symbol) [0x00007FF617EE872A]\nE       \t(No symbol) [0x00007FF617F38434]\nE       \t(No symbol) [0x00007FF617F3853C]\nE       \t(No symbol) [0x00007FF617F7F6A7]\nE       \t(No symbol) [0x00007FF617F5D06F]\nE       \t(No symbol) [0x00007FF617F7C977]\nE       \t(No symbol) [0x00007FF617F5CDD3]\nE       \t(No symbol) [0x00007FF617F2A33B]\nE       \t(No symbol) [0x00007FF617F2AED1]\nE       \tGetHandleVerifier [0x00007FF6183B8B1D+3217341]\nE       \tGetHandleVerifier [0x00007FF618405AE3+3532675]\nE       \tGetHandleVerifier [0x00007FF6183FB0E0+3489152]\nE       \tGetHandleVerifier [0x00007FF61815E776+750614]\nE       \t(No symbol) [0x00007FF61803375F]\nE       \t(No symbol) [0x00007FF61802EB14]\nE       \t(No symbol) [0x00007FF61802ECA2]\nE       \t(No symbol) [0x00007FF61801E16F]\nE       \tBaseThreadInitThunk [0x00007FF8171D257D+29]\nE       \tRtlUserThreadStart [0x00007FF8185EAF28+40]\n\n..\\venv\\Lib\\site-packages\\selenium\\webdriver\\support\\wait.py:105: TimeoutException"}, "start": 1720523239122, "stop": 1720523262311, "uuid": "22b6b72e-749a-4c29-b234-39e1d58ac335", "historyId": "2baf7b1b5a5b48894762612403114c25", "testCaseId": "2baf7b1b5a5b48894762612403114c25", "fullName": "tests.test_report.TestReport#test_upload_button", "labels": [{"name": "tag", "value": "@pytest.mark.usefixtures('login')"}, {"name": "parentSuite", "value": "tests"}, {"name": "suite", "value": "test_report"}, {"name": "subSuite", "value": "TestReport"}, {"name": "host", "value": "DESKTOP-RNQDI0M"}, {"name": "thread", "value": "20508-MainThread"}, {"name": "framework", "value": "pytest"}, {"name": "language", "value": "cpython3"}, {"name": "package", "value": "tests.test_report"}]}