{"name": "test_reporttext[chrome]", "status": "broken", "statusDetails": {"message": "selenium.common.exceptions.TimeoutException: Message: \nStacktrace:\n\tGetHandleVerifier [0x00007FF6FD081F52+60322]\n\t(No symbol) [0x00007FF6FCFFCEC9]\n\t(No symbol) [0x00007FF6FCEB7EBA]\n\t(No symbol) [0x00007FF6FCF07676]\n\t(No symbol) [0x00007FF6FCF0773C]\n\t(No symbol) [0x00007FF6FCF4E967]\n\t(No symbol) [0x00007FF6FCF2C25F]\n\t(No symbol) [0x00007FF6FCF4BC80]\n\t(No symbol) [0x00007FF6FCF2BFC3]\n\t(No symbol) [0x00007FF6FCEF9617]\n\t(No symbol) [0x00007FF6FCEFA211]\n\tGetHandleVerifier [0x00007FF6FD39949D+3301613]\n\tGetHandleVerifier [0x00007FF6FD3E36C3+3605267]\n\tGetHandleVerifier [0x00007FF6FD3D9440+3563664]\n\tGetHandleVerifier [0x00007FF6FD134326+790390]\n\t(No symbol) [0x00007FF6FD00750F]\n\t(No symbol) [0x00007FF6FD003404]\n\t(No symbol) [0x00007FF6FD003592]\n\t(No symbol) [0x00007FF6FCFF2F9F]\n\tBaseThreadInitThunk [0x00007FFA56C5257D+29]\n\tRtlUserThreadStart [0x00007FFA5736AA48+40]", "trace": "self = <tests.test_report.TestReport object at 0x000001C8231599D0>\nsetup = <selenium.webdriver.chrome.webdriver.WebDriver (session=\"83bfffd175825a394ea2d08a74067ff7\")>\n\n    @pytest.mark.usefixtures(\"setup\")\n    @pytest.mark.parametrize(\"browser_name\", [\"chrome\"])\n    def test_reporttext(self, setup):\n        driver = setup\n        report = Report(driver)\n    \n        loginPage = LoginPage(driver)\n        loginPage.login_patient(user=self.username, pwd=self.password)\n        time.sleep(5)\n>       report.get_report_tab().click()\n\ntest_report.py:21: \n_ _ _ _ _ _ _ _ _ _ _ _ _ _ _ _ _ _ _ _ _ _ _ _ _ _ _ _ _ _ _ _ _ _ _ _ _ _ _ _\n..\\src\\pageObjects\\reports.py:16: in get_report_tab\n    return WebDriverWait(self.driver, 10).until(\n_ _ _ _ _ _ _ _ _ _ _ _ _ _ _ _ _ _ _ _ _ _ _ _ _ _ _ _ _ _ _ _ _ _ _ _ _ _ _ _\n\nself = <selenium.webdriver.support.wait.WebDriverWait (session=\"83bfffd175825a394ea2d08a74067ff7\")>\nmethod = <function visibility_of_element_located.<locals>._predicate at 0x000001C8234E8540>\nmessage = ''\n\n    def until(self, method: Callable[[D], Union[Literal[False], T]], message: str = \"\") -> T:\n        \"\"\"Calls the method provided with the driver as an argument until the \\\n        return value does not evaluate to ``False``.\n    \n        :param method: callable(WebDriver)\n        :param message: optional message for :exc:`TimeoutException`\n        :returns: the result of the last call to `method`\n        :raises: :exc:`selenium.common.exceptions.TimeoutException` if timeout occurs\n        \"\"\"\n        screen = None\n        stacktrace = None\n    \n        end_time = time.monotonic() + self._timeout\n        while True:\n            try:\n                value = method(self._driver)\n                if value:\n                    return value\n            except self._ignored_exceptions as exc:\n                screen = getattr(exc, \"screen\", None)\n                stacktrace = getattr(exc, \"stacktrace\", None)\n            time.sleep(self._poll)\n            if time.monotonic() > end_time:\n                break\n>       raise TimeoutException(message, screen, stacktrace)\nE       selenium.common.exceptions.TimeoutException: Message: \nE       Stacktrace:\nE       \tGetHandleVerifier [0x00007FF6FD081F52+60322]\nE       \t(No symbol) [0x00007FF6FCFFCEC9]\nE       \t(No symbol) [0x00007FF6FCEB7EBA]\nE       \t(No symbol) [0x00007FF6FCF07676]\nE       \t(No symbol) [0x00007FF6FCF0773C]\nE       \t(No symbol) [0x00007FF6FCF4E967]\nE       \t(No symbol) [0x00007FF6FCF2C25F]\nE       \t(No symbol) [0x00007FF6FCF4BC80]\nE       \t(No symbol) [0x00007FF6FCF2BFC3]\nE       \t(No symbol) [0x00007FF6FCEF9617]\nE       \t(No symbol) [0x00007FF6FCEFA211]\nE       \tGetHandleVerifier [0x00007FF6FD39949D+3301613]\nE       \tGetHandleVerifier [0x00007FF6FD3E36C3+3605267]\nE       \tGetHandleVerifier [0x00007FF6FD3D9440+3563664]\nE       \tGetHandleVerifier [0x00007FF6FD134326+790390]\nE       \t(No symbol) [0x00007FF6FD00750F]\nE       \t(No symbol) [0x00007FF6FD003404]\nE       \t(No symbol) [0x00007FF6FD003592]\nE       \t(No symbol) [0x00007FF6FCFF2F9F]\nE       \tBaseThreadInitThunk [0x00007FFA56C5257D+29]\nE       \tRtlUserThreadStart [0x00007FFA5736AA48+40]\n\n..\\venv\\Lib\\site-packages\\selenium\\webdriver\\support\\wait.py:105: TimeoutException"}, "attachments": [{"name": "stdout", "source": "94c1c3af-521a-4170-a0fb-12e98b481355-attachment.txt", "type": "text/plain"}], "parameters": [{"name": "browser_name", "value": "'chrome'"}], "start": 1716364479108, "stop": 1716364603188, "uuid": "4486c939-12ed-4152-8145-793aa1bd744c", "historyId": "72e538fa291189b718acf141aaa93c15", "testCaseId": "683a35719abe8d9ef84ced5f42a589b5", "fullName": "tests.test_report.TestReport#test_reporttext", "labels": [{"name": "tag", "value": "@pytest.mark.usefixtures('setup')"}, {"name": "parentSuite", "value": "tests"}, {"name": "suite", "value": "test_report"}, {"name": "subSuite", "value": "TestReport"}, {"name": "host", "value": "DESKTOP-RNQDI0M"}, {"name": "thread", "value": "8840-MainThread"}, {"name": "framework", "value": "pytest"}, {"name": "language", "value": "cpython3"}, {"name": "package", "value": "tests.test_report"}]}