{"name": "test_reporttext[chrome]", "status": "broken", "statusDetails": {"message": "selenium.common.exceptions.TimeoutException: Message: \nStacktrace:\n\tGetHandleVerifier [0x00007FF7F06B1F52+60322]\n\t(No symbol) [0x00007FF7F062CEC9]\n\t(No symbol) [0x00007FF7F04E7EBA]\n\t(No symbol) [0x00007FF7F0537676]\n\t(No symbol) [0x00007FF7F053773C]\n\t(No symbol) [0x00007FF7F057E967]\n\t(No symbol) [0x00007FF7F055C25F]\n\t(No symbol) [0x00007FF7F057BC80]\n\t(No symbol) [0x00007FF7F055BFC3]\n\t(No symbol) [0x00007FF7F0529617]\n\t(No symbol) [0x00007FF7F052A211]\n\tGetHandleVerifier [0x00007FF7F09C949D+3301613]\n\tGetHandleVerifier [0x00007FF7F0A136C3+3605267]\n\tGetHandleVerifier [0x00007FF7F0A09440+3563664]\n\tGetHandleVerifier [0x00007FF7F0764326+790390]\n\t(No symbol) [0x00007FF7F063750F]\n\t(No symbol) [0x00007FF7F0633404]\n\t(No symbol) [0x00007FF7F0633592]\n\t(No symbol) [0x00007FF7F0622F9F]\n\tBaseThreadInitThunk [0x00007FFA56C5257D+29]\n\tRtlUserThreadStart [0x00007FFA5736AA48+40]", "trace": "self = <tests.test_report.TestReport object at 0x00000273D17A0F50>\nsetup = <selenium.webdriver.chrome.webdriver.WebDriver (session=\"65faabf313b3c8e40085ae73451d88c6\")>\n\n    @pytest.mark.usefixtures(\"setup\")\n    @pytest.mark.parametrize(\"browser_name\", [\"chrome\"])\n    def test_reporttext(self, setup):\n        driver = setup\n        report = Report(driver)\n    \n        loginPage = LoginPage(driver)\n        loginPage.login_patient(user=self.username, pwd=self.password)\n        time.sleep(5)\n        report.get_report_tab().click()\n>       report_text = report.get_report_text().text\n\ntest_report.py:22: \n_ _ _ _ _ _ _ _ _ _ _ _ _ _ _ _ _ _ _ _ _ _ _ _ _ _ _ _ _ _ _ _ _ _ _ _ _ _ _ _\n..\\src\\pageObjects\\reports.py:21: in get_report_text\n    return WebDriverWait(self.driver, 10).until(\n_ _ _ _ _ _ _ _ _ _ _ _ _ _ _ _ _ _ _ _ _ _ _ _ _ _ _ _ _ _ _ _ _ _ _ _ _ _ _ _\n\nself = <selenium.webdriver.support.wait.WebDriverWait (session=\"65faabf313b3c8e40085ae73451d88c6\")>\nmethod = <function visibility_of_element_located.<locals>._predicate at 0x00000273D17E2D40>\nmessage = ''\n\n    def until(self, method: Callable[[D], Union[Literal[False], T]], message: str = \"\") -> T:\n        \"\"\"Calls the method provided with the driver as an argument until the \\\n        return value does not evaluate to ``False``.\n    \n        :param method: callable(WebDriver)\n        :param message: optional message for :exc:`TimeoutException`\n        :returns: the result of the last call to `method`\n        :raises: :exc:`selenium.common.exceptions.TimeoutException` if timeout occurs\n        \"\"\"\n        screen = None\n        stacktrace = None\n    \n        end_time = time.monotonic() + self._timeout\n        while True:\n            try:\n                value = method(self._driver)\n                if value:\n                    return value\n            except self._ignored_exceptions as exc:\n                screen = getattr(exc, \"screen\", None)\n                stacktrace = getattr(exc, \"stacktrace\", None)\n            time.sleep(self._poll)\n            if time.monotonic() > end_time:\n                break\n>       raise TimeoutException(message, screen, stacktrace)\nE       selenium.common.exceptions.TimeoutException: Message: \nE       Stacktrace:\nE       \tGetHandleVerifier [0x00007FF7F06B1F52+60322]\nE       \t(No symbol) [0x00007FF7F062CEC9]\nE       \t(No symbol) [0x00007FF7F04E7EBA]\nE       \t(No symbol) [0x00007FF7F0537676]\nE       \t(No symbol) [0x00007FF7F053773C]\nE       \t(No symbol) [0x00007FF7F057E967]\nE       \t(No symbol) [0x00007FF7F055C25F]\nE       \t(No symbol) [0x00007FF7F057BC80]\nE       \t(No symbol) [0x00007FF7F055BFC3]\nE       \t(No symbol) [0x00007FF7F0529617]\nE       \t(No symbol) [0x00007FF7F052A211]\nE       \tGetHandleVerifier [0x00007FF7F09C949D+3301613]\nE       \tGetHandleVerifier [0x00007FF7F0A136C3+3605267]\nE       \tGetHandleVerifier [0x00007FF7F0A09440+3563664]\nE       \tGetHandleVerifier [0x00007FF7F0764326+790390]\nE       \t(No symbol) [0x00007FF7F063750F]\nE       \t(No symbol) [0x00007FF7F0633404]\nE       \t(No symbol) [0x00007FF7F0633592]\nE       \t(No symbol) [0x00007FF7F0622F9F]\nE       \tBaseThreadInitThunk [0x00007FFA56C5257D+29]\nE       \tRtlUserThreadStart [0x00007FFA5736AA48+40]\n\n..\\venv\\Lib\\site-packages\\selenium\\webdriver\\support\\wait.py:105: TimeoutException"}, "attachments": [{"name": "stdout", "source": "357e407d-2a44-40e9-848f-1ac9370145a0-attachment.txt", "type": "text/plain"}], "parameters": [{"name": "browser_name", "value": "'chrome'"}], "start": 1716373994996, "stop": 1716374025264, "uuid": "5e3a32bb-45e3-45ca-8514-226cbeb9af0e", "historyId": "72e538fa291189b718acf141aaa93c15", "testCaseId": "683a35719abe8d9ef84ced5f42a589b5", "fullName": "tests.test_report.TestReport#test_reporttext", "labels": [{"name": "tag", "value": "@pytest.mark.usefixtures('setup')"}, {"name": "parentSuite", "value": "tests"}, {"name": "suite", "value": "test_report"}, {"name": "subSuite", "value": "TestReport"}, {"name": "host", "value": "DESKTOP-RNQDI0M"}, {"name": "thread", "value": "5068-MainThread"}, {"name": "framework", "value": "pytest"}, {"name": "language", "value": "cpython3"}, {"name": "package", "value": "tests.test_report"}]}