{"name": "test_upload_button[chrome]", "status": "broken", "statusDetails": {"message": "selenium.common.exceptions.TimeoutException: Message: \nStacktrace:\n\tGetHandleVerifier [0x00007FF6D2141F52+60322]\n\t(No symbol) [0x00007FF6D20BCEC9]\n\t(No symbol) [0x00007FF6D1F77EBA]\n\t(No symbol) [0x00007FF6D1FC7676]\n\t(No symbol) [0x00007FF6D1FC773C]\n\t(No symbol) [0x00007FF6D200E967]\n\t(No symbol) [0x00007FF6D1FEC25F]\n\t(No symbol) [0x00007FF6D200BC80]\n\t(No symbol) [0x00007FF6D1FEBFC3]\n\t(No symbol) [0x00007FF6D1FB9617]\n\t(No symbol) [0x00007FF6D1FBA211]\n\tGetHandleVerifier [0x00007FF6D245949D+3301613]\n\tGetHandleVerifier [0x00007FF6D24A36C3+3605267]\n\tGetHandleVerifier [0x00007FF6D2499440+3563664]\n\tGetHandleVerifier [0x00007FF6D21F4326+790390]\n\t(No symbol) [0x00007FF6D20C750F]\n\t(No symbol) [0x00007FF6D20C3404]\n\t(No symbol) [0x00007FF6D20C3592]\n\t(No symbol) [0x00007FF6D20B2F9F]\n\tBaseThreadInitThunk [0x00007FFA56C5257D+29]\n\tRtlUserThreadStart [0x00007FFA5736AA48+40]", "trace": "self = <tests.test_report.TestReport object at 0x0000017733755FD0>\nsetup = <selenium.webdriver.chrome.webdriver.WebDriver (session=\"1f98ff83f4cba857bc8a306c468c034f\")>\n\n    @pytest.mark.usefixtures(\"setup\")\n    @pytest.mark.parametrize(\"browser_name\", [\"chrome\"])\n    def test_upload_button(self,setup):\n        driver = setup\n        report = Report(driver)\n        loginPage = LoginPage(driver)\n        loginPage.login_patient(user=self.username, pwd=self.password)\n        time.sleep(5)\n>       report.get_report_tab().click()\n\ntest_report.py:33: \n_ _ _ _ _ _ _ _ _ _ _ _ _ _ _ _ _ _ _ _ _ _ _ _ _ _ _ _ _ _ _ _ _ _ _ _ _ _ _ _\n..\\src\\pageObjects\\reports.py:17: in get_report_tab\n    return WebDriverWait(self.driver, 15).until(\n_ _ _ _ _ _ _ _ _ _ _ _ _ _ _ _ _ _ _ _ _ _ _ _ _ _ _ _ _ _ _ _ _ _ _ _ _ _ _ _\n\nself = <selenium.webdriver.support.wait.WebDriverWait (session=\"1f98ff83f4cba857bc8a306c468c034f\")>\nmethod = <function visibility_of_element_located.<locals>._predicate at 0x000001772FAB04A0>\nmessage = ''\n\n    def until(self, method: Callable[[D], Union[Literal[False], T]], message: str = \"\") -> T:\n        \"\"\"Calls the method provided with the driver as an argument until the \\\n        return value does not evaluate to ``False``.\n    \n        :param method: callable(WebDriver)\n        :param message: optional message for :exc:`TimeoutException`\n        :returns: the result of the last call to `method`\n        :raises: :exc:`selenium.common.exceptions.TimeoutException` if timeout occurs\n        \"\"\"\n        screen = None\n        stacktrace = None\n    \n        end_time = time.monotonic() + self._timeout\n        while True:\n            try:\n                value = method(self._driver)\n                if value:\n                    return value\n            except self._ignored_exceptions as exc:\n                screen = getattr(exc, \"screen\", None)\n                stacktrace = getattr(exc, \"stacktrace\", None)\n            time.sleep(self._poll)\n            if time.monotonic() > end_time:\n                break\n>       raise TimeoutException(message, screen, stacktrace)\nE       selenium.common.exceptions.TimeoutException: Message: \nE       Stacktrace:\nE       \tGetHandleVerifier [0x00007FF6D2141F52+60322]\nE       \t(No symbol) [0x00007FF6D20BCEC9]\nE       \t(No symbol) [0x00007FF6D1F77EBA]\nE       \t(No symbol) [0x00007FF6D1FC7676]\nE       \t(No symbol) [0x00007FF6D1FC773C]\nE       \t(No symbol) [0x00007FF6D200E967]\nE       \t(No symbol) [0x00007FF6D1FEC25F]\nE       \t(No symbol) [0x00007FF6D200BC80]\nE       \t(No symbol) [0x00007FF6D1FEBFC3]\nE       \t(No symbol) [0x00007FF6D1FB9617]\nE       \t(No symbol) [0x00007FF6D1FBA211]\nE       \tGetHandleVerifier [0x00007FF6D245949D+3301613]\nE       \tGetHandleVerifier [0x00007FF6D24A36C3+3605267]\nE       \tGetHandleVerifier [0x00007FF6D2499440+3563664]\nE       \tGetHandleVerifier [0x00007FF6D21F4326+790390]\nE       \t(No symbol) [0x00007FF6D20C750F]\nE       \t(No symbol) [0x00007FF6D20C3404]\nE       \t(No symbol) [0x00007FF6D20C3592]\nE       \t(No symbol) [0x00007FF6D20B2F9F]\nE       \tBaseThreadInitThunk [0x00007FFA56C5257D+29]\nE       \tRtlUserThreadStart [0x00007FFA5736AA48+40]\n\n..\\venv\\Lib\\site-packages\\selenium\\webdriver\\support\\wait.py:105: TimeoutException"}, "attachments": [{"name": "stdout", "source": "0885005a-32b2-4358-926d-3a8d77a75b0e-attachment.txt", "type": "text/plain"}], "parameters": [{"name": "browser_name", "value": "'chrome'"}], "start": 1716375005720, "stop": 1716375031028, "uuid": "067826f9-e597-4248-8012-3f4b4a988541", "historyId": "89fd4fcf94c9fdb51da6f1e69e9df183", "testCaseId": "2baf7b1b5a5b48894762612403114c25", "fullName": "tests.test_report.TestReport#test_upload_button", "labels": [{"name": "tag", "value": "@pytest.mark.usefixtures('setup')"}, {"name": "parentSuite", "value": "tests"}, {"name": "suite", "value": "test_report"}, {"name": "subSuite", "value": "TestReport"}, {"name": "host", "value": "DESKTOP-RNQDI0M"}, {"name": "thread", "value": "16968-MainThread"}, {"name": "framework", "value": "pytest"}, {"name": "language", "value": "cpython3"}, {"name": "package", "value": "tests.test_report"}]}