{"name": "test_valid_login", "status": "broken", "statusDetails": {"message": "selenium.common.exceptions.TimeoutException: Message: \nStacktrace:\n\tGetHandleVerifier [0x00007FF7D5993E52+31618]\n\t(No symbol) [0x00007FF7D590B0B9]\n\t(No symbol) [0x00007FF7D57C888A]\n\t(No symbol) [0x00007FF7D5818524]\n\t(No symbol) [0x00007FF7D581862C]\n\t(No symbol) [0x00007FF7D585F787]\n\t(No symbol) [0x00007FF7D583D14F]\n\t(No symbol) [0x00007FF7D585CA80]\n\t(No symbol) [0x00007FF7D583CEB3]\n\t(No symbol) [0x00007FF7D580A46B]\n\t(No symbol) [0x00007FF7D580B001]\n\tGetHandleVerifier [0x00007FF7D5C9A02D+3202397]\n\tGetHandleVerifier [0x00007FF7D5CE6A4D+3516285]\n\tGetHandleVerifier [0x00007FF7D5CDC4C0+3473904]\n\tGetHandleVerifier [0x00007FF7D5A45D56+760454]\n\t(No symbol) [0x00007FF7D5916B5F]\n\t(No symbol) [0x00007FF7D5911CF4]\n\t(No symbol) [0x00007FF7D5911E82]\n\t(No symbol) [0x00007FF7D590122F]\n\tBaseThreadInitThunk [0x00007FF8F15F257D+29]\n\tRtlUserThreadStart [0x00007FF8F224AA48+40]", "trace": "self = <tests.DocSmart_login.test_docsmartlogin.TestDocSmart object at 0x0000023ABBD3D3D0>\nlogin = <selenium.webdriver.chrome.webdriver.WebDriver (session=\"245f298f61786bb86276d06bd3a3cfeb\")>\n\n       @pytest.mark.smoke\n      # @pytest.mark.usefixtures(\"setup\")\n       @pytest.mark.usefixtures(\"driver_init\")\n       @pytest.mark.usefixtures(\"login\")\n    \n    #   @pytest.mark.parametrize(\"browser_name\", [\"chrome\"])\n       def test_valid_login(self,login):\n          # driver = driver_init\n           driver = login\n           loginPage = LoginPage(driver)\n>          loginPage.login_patient(user=\"7021656297\", pwd=\"Admin@123\")\n\ntest_docsmartlogin.py:40: \n_ _ _ _ _ _ _ _ _ _ _ _ _ _ _ _ _ _ _ _ _ _ _ _ _ _ _ _ _ _ _ _ _ _ _ _ _ _ _ _\n..\\..\\src\\pageObjects\\loginPage.py:48: in login_patient\n    self.get_login_button_hp().click()\n..\\..\\src\\pageObjects\\loginPage.py:22: in get_login_button_hp\n    return WebDriverWait(self.driver, 10).until(\n_ _ _ _ _ _ _ _ _ _ _ _ _ _ _ _ _ _ _ _ _ _ _ _ _ _ _ _ _ _ _ _ _ _ _ _ _ _ _ _\n\nself = <selenium.webdriver.support.wait.WebDriverWait (session=\"245f298f61786bb86276d06bd3a3cfeb\")>\nmethod = <function element_to_be_clickable.<locals>._predicate at 0x0000023AB832A8E0>\nmessage = ''\n\n    def until(self, method: Callable[[D], Union[Literal[False], T]], message: str = \"\") -> T:\n        \"\"\"Calls the method provided with the driver as an argument until the \\\n        return value does not evaluate to ``False``.\n    \n        :param method: callable(WebDriver)\n        :param message: optional message for :exc:`TimeoutException`\n        :returns: the result of the last call to `method`\n        :raises: :exc:`selenium.common.exceptions.TimeoutException` if timeout occurs\n        \"\"\"\n        screen = None\n        stacktrace = None\n    \n        end_time = time.monotonic() + self._timeout\n        while True:\n            try:\n                value = method(self._driver)\n                if value:\n                    return value\n            except self._ignored_exceptions as exc:\n                screen = getattr(exc, \"screen\", None)\n                stacktrace = getattr(exc, \"stacktrace\", None)\n            time.sleep(self._poll)\n            if time.monotonic() > end_time:\n                break\n>       raise TimeoutException(message, screen, stacktrace)\nE       selenium.common.exceptions.TimeoutException: Message: \nE       Stacktrace:\nE       \tGetHandleVerifier [0x00007FF7D5993E52+31618]\nE       \t(No symbol) [0x00007FF7D590B0B9]\nE       \t(No symbol) [0x00007FF7D57C888A]\nE       \t(No symbol) [0x00007FF7D5818524]\nE       \t(No symbol) [0x00007FF7D581862C]\nE       \t(No symbol) [0x00007FF7D585F787]\nE       \t(No symbol) [0x00007FF7D583D14F]\nE       \t(No symbol) [0x00007FF7D585CA80]\nE       \t(No symbol) [0x00007FF7D583CEB3]\nE       \t(No symbol) [0x00007FF7D580A46B]\nE       \t(No symbol) [0x00007FF7D580B001]\nE       \tGetHandleVerifier [0x00007FF7D5C9A02D+3202397]\nE       \tGetHandleVerifier [0x00007FF7D5CE6A4D+3516285]\nE       \tGetHandleVerifier [0x00007FF7D5CDC4C0+3473904]\nE       \tGetHandleVerifier [0x00007FF7D5A45D56+760454]\nE       \t(No symbol) [0x00007FF7D5916B5F]\nE       \t(No symbol) [0x00007FF7D5911CF4]\nE       \t(No symbol) [0x00007FF7D5911E82]\nE       \t(No symbol) [0x00007FF7D590122F]\nE       \tBaseThreadInitThunk [0x00007FF8F15F257D+29]\nE       \tRtlUserThreadStart [0x00007FF8F224AA48+40]\n\n..\\..\\venv\\Lib\\site-packages\\selenium\\webdriver\\support\\wait.py:105: TimeoutException"}, "start": 1718615877132, "stop": 1718615892731, "uuid": "cac134bd-b990-48c6-9106-578d31d9d2ca", "historyId": "9f645ef790a70c21359ca9f30608e612", "testCaseId": "9f645ef790a70c21359ca9f30608e612", "fullName": "tests.DocSmart_login.test_docsmartlogin.TestDocSmart#test_valid_login", "labels": [{"name": "tag", "value": "@pytest.mark.usefixtures('login')"}, {"name": "tag", "value": "smoke"}, {"name": "parentSuite", "value": "tests.DocSmart_login"}, {"name": "suite", "value": "test_docsmartlogin"}, {"name": "subSuite", "value": "TestDocSmart"}, {"name": "host", "value": "DESKTOP-RNQDI0M"}, {"name": "thread", "value": "10544-MainThread"}, {"name": "framework", "value": "pytest"}, {"name": "language", "value": "cpython3"}, {"name": "package", "value": "tests.DocSmart_login.test_docsmartlogin"}]}